<?xml version="1.0" encoding="UTF-8"?>
<!-- Generated by org.testng.reporters.JUnitXMLReporter -->
<testsuite hostname="MPHILIPO" ignored="0" name="Test2" tests="3" failures="0" timestamp="2020-07-29T13:42:23 IST" time="19.175" errors="0">
  <testcase name="@AfterMethod tearDown" time="0.0" classname="com.cucumber.selenium.case_study.regression.tests.LoginExcelTest">
    <failure type="java.lang.NullPointerException">
      <![CDATA[java.lang.NullPointerException
at com.cucumber.selenium.case_study.regression.tests.LoginExcelTest.tearDown(LoginExcelTest.java:49)
at java.util.ArrayList.forEach(Unknown Source)
... Removed 32 stack frames]]>
    </failure>
  </testcase> <!-- @AfterMethod tearDown -->
  <testcase name="@BeforeMethod setUp" time="-1.596010343491E9" classname="com.cucumber.selenium.case_study.regression.tests.LoginExcelTest">
    <skipped/>
  </testcase> <!-- @BeforeMethod setUp -->
  <testcase name="@AfterMethod tearDown" time="-1.59601034351E9" classname="com.cucumber.selenium.case_study.regression.tests.LoginExcelTest">
    <skipped/>
  </testcase> <!-- @AfterMethod tearDown -->
  <testcase name="@BeforeMethod setUp" time="-1.596010343514E9" classname="com.cucumber.selenium.case_study.regression.tests.LoginExcelTest">
    <skipped/>
  </testcase> <!-- @BeforeMethod setUp -->
  <testcase name="@AfterMethod tearDown" time="-1.596010343538E9" classname="com.cucumber.selenium.case_study.regression.tests.LoginExcelTest">
    <skipped/>
  </testcase> <!-- @AfterMethod tearDown -->
  <testcase name="loginDBTest" time="5.18" classname="com.cucumber.selenium.case_study.regression.tests.LoginExcelTest"/>
  <testcase name="loginDBTest" time="0.0" classname="com.cucumber.selenium.case_study.regression.tests.LoginExcelTest">
    <skipped/>
  </testcase> <!-- loginDBTest -->
  <testcase name="loginDBTest" time="0.0" classname="com.cucumber.selenium.case_study.regression.tests.LoginExcelTest">
    <skipped/>
  </testcase> <!-- loginDBTest -->
</testsuite> <!-- Test2 -->
