<?xml version="1.0" encoding="UTF-8"?>
<testng-results skipped="0" failed="0" ignored="0" total="4" passed="4">
  <reporter-output>
  </reporter-output>
  <suite name="Suite" duration-ms="148095" started-at="2020-07-29T15:14:15 IST" finished-at="2020-07-29T15:16:43 IST">
    <groups>
      <group name="cucumber">
        <method signature="AbstractTestNGCucumberTests.feature(cucumber.api.testng.CucumberFeatureWrapper)[pri:0, instance:com.cucumber.selenium.case_study.testRunner.TestRunner@458c1321]" name="feature" class="cucumber.api.testng.AbstractTestNGCucumberTests"/>
      </group> <!-- cucumber -->
    </groups>
    <test name="Test1" duration-ms="148095" started-at="2020-07-29T15:14:15 IST" finished-at="2020-07-29T15:16:43 IST">
      <class name="com.cucumber.selenium.case_study.testRunner.TestRunner">
        <test-method status="PASS" signature="setUpClass()[pri:0, instance:com.cucumber.selenium.case_study.testRunner.TestRunner@458c1321]" name="setUpClass" is-config="true" duration-ms="396" started-at="2020-07-29T15:14:15 IST" finished-at="2020-07-29T15:14:15 IST">
          <reporter-output>
          </reporter-output>
        </test-method> <!-- setUpClass -->
        <test-method status="PASS" signature="feature(cucumber.api.testng.CucumberFeatureWrapper)[pri:0, instance:com.cucumber.selenium.case_study.testRunner.TestRunner@458c1321]" name="feature" duration-ms="97705" started-at="2020-07-29T15:14:15 IST" description="Runs Cucumber Feature" data-provider="features" finished-at="2020-07-29T15:15:53 IST">
          <params>
            <param index="0">
              <value>
                <![CDATA[to validate registration]]>
              </value>
            </param>
          </params>
          <reporter-output>
          </reporter-output>
        </test-method> <!-- feature -->
        <test-method status="PASS" signature="tearDownClass()[pri:0, instance:com.cucumber.selenium.case_study.testRunner.TestRunner@458c1321]" name="tearDownClass" is-config="true" duration-ms="24" started-at="2020-07-29T15:15:53 IST" finished-at="2020-07-29T15:15:53 IST">
          <reporter-output>
          </reporter-output>
        </test-method> <!-- tearDownClass -->
      </class> <!-- com.cucumber.selenium.case_study.testRunner.TestRunner -->
      <class name="com.cucumber.selenium.case_study.regression.tests.LoginExcelTest">
        <test-method status="PASS" signature="setUpBeforeClass()[pri:0, instance:com.cucumber.selenium.case_study.regression.tests.LoginExcelTest@11438d26]" name="setUpBeforeClass" is-config="true" duration-ms="1" started-at="2020-07-29T15:15:53 IST" finished-at="2020-07-29T15:15:53 IST">
          <reporter-output>
          </reporter-output>
        </test-method> <!-- setUpBeforeClass -->
        <test-method status="PASS" signature="setUp()[pri:0, instance:com.cucumber.selenium.case_study.regression.tests.LoginExcelTest@11438d26]" name="setUp" is-config="true" duration-ms="11001" started-at="2020-07-29T15:15:53 IST" finished-at="2020-07-29T15:16:04 IST">
          <reporter-output>
          </reporter-output>
        </test-method> <!-- setUp -->
        <test-method status="PASS" signature="loginDBTest(java.lang.String, java.lang.String)[pri:0, instance:com.cucumber.selenium.case_study.regression.tests.LoginExcelTest@11438d26]" name="loginDBTest" duration-ms="3939" started-at="2020-07-29T15:16:04 IST" data-provider="excel-inputs" finished-at="2020-07-29T15:16:08 IST">
          <params>
            <param index="0">
              <value>
                <![CDATA[U13]]>
              </value>
            </param>
            <param index="1">
              <value>
                <![CDATA[PASS13]]>
              </value>
            </param>
          </params>
          <reporter-output>
          </reporter-output>
        </test-method> <!-- loginDBTest -->
        <test-method status="PASS" signature="tearDown()[pri:0, instance:com.cucumber.selenium.case_study.regression.tests.LoginExcelTest@11438d26]" name="tearDown" is-config="true" duration-ms="1213" started-at="2020-07-29T15:16:08 IST" finished-at="2020-07-29T15:16:09 IST">
          <reporter-output>
          </reporter-output>
        </test-method> <!-- tearDown -->
        <test-method status="PASS" signature="setUp()[pri:0, instance:com.cucumber.selenium.case_study.regression.tests.LoginExcelTest@11438d26]" name="setUp" is-config="true" duration-ms="11128" started-at="2020-07-29T15:16:09 IST" finished-at="2020-07-29T15:16:21 IST">
          <reporter-output>
          </reporter-output>
        </test-method> <!-- setUp -->
        <test-method status="PASS" signature="loginDBTest(java.lang.String, java.lang.String)[pri:0, instance:com.cucumber.selenium.case_study.regression.tests.LoginExcelTest@11438d26]" name="loginDBTest" duration-ms="4028" started-at="2020-07-29T15:16:21 IST" data-provider="excel-inputs" finished-at="2020-07-29T15:16:25 IST">
          <params>
            <param index="0">
              <value>
                <![CDATA[U14]]>
              </value>
            </param>
            <param index="1">
              <value>
                <![CDATA[PASS14]]>
              </value>
            </param>
          </params>
          <reporter-output>
          </reporter-output>
        </test-method> <!-- loginDBTest -->
        <test-method status="PASS" signature="tearDown()[pri:0, instance:com.cucumber.selenium.case_study.regression.tests.LoginExcelTest@11438d26]" name="tearDown" is-config="true" duration-ms="947" started-at="2020-07-29T15:16:25 IST" finished-at="2020-07-29T15:16:26 IST">
          <reporter-output>
          </reporter-output>
        </test-method> <!-- tearDown -->
        <test-method status="PASS" signature="setUp()[pri:0, instance:com.cucumber.selenium.case_study.regression.tests.LoginExcelTest@11438d26]" name="setUp" is-config="true" duration-ms="11675" started-at="2020-07-29T15:16:26 IST" finished-at="2020-07-29T15:16:37 IST">
          <reporter-output>
          </reporter-output>
        </test-method> <!-- setUp -->
        <test-method status="PASS" signature="loginDBTest(java.lang.String, java.lang.String)[pri:0, instance:com.cucumber.selenium.case_study.regression.tests.LoginExcelTest@11438d26]" name="loginDBTest" duration-ms="4630" started-at="2020-07-29T15:16:37 IST" data-provider="excel-inputs" finished-at="2020-07-29T15:16:42 IST">
          <params>
            <param index="0">
              <value>
                <![CDATA[U15]]>
              </value>
            </param>
            <param index="1">
              <value>
                <![CDATA[PASS15]]>
              </value>
            </param>
          </params>
          <reporter-output>
          </reporter-output>
        </test-method> <!-- loginDBTest -->
        <test-method status="PASS" signature="tearDown()[pri:0, instance:com.cucumber.selenium.case_study.regression.tests.LoginExcelTest@11438d26]" name="tearDown" is-config="true" duration-ms="942" started-at="2020-07-29T15:16:42 IST" finished-at="2020-07-29T15:16:43 IST">
          <reporter-output>
          </reporter-output>
        </test-method> <!-- tearDown -->
      </class> <!-- com.cucumber.selenium.case_study.regression.tests.LoginExcelTest -->
    </test> <!-- Test1 -->
  </suite> <!-- Suite -->
</testng-results>
