<?xml version="1.0" encoding="UTF-8"?>
<!-- Generated by org.testng.reporters.JUnitXMLReporter -->
<testsuite hostname="MPHILIPO" name="Test2" tests="3" failures="1" timestamp="28 Jul 2020 11:00:04 GMT" time="12.396" errors="0">
  <testcase name="@AfterMethod tearDown" time="0.0" classname="com.cucumber.selenium.case_study.regression.tests.LoginExcelTest">
    <failure type="java.lang.NullPointerException">
      <![CDATA[java.lang.NullPointerException
	at com.cucumber.selenium.case_study.regression.tests.LoginExcelTest.tearDown(LoginExcelTest.java:48)
... Removed 27 stack frames]]>
    </failure>
  </testcase> <!-- @AfterMethod tearDown -->
  <testcase name="@BeforeMethod setUp" time="0.0" classname="com.cucumber.selenium.case_study.regression.tests.LoginExcelTest">
    <skipped/>
  </testcase> <!-- @BeforeMethod setUp -->
  <testcase name="@AfterMethod tearDown" time="0.0" classname="com.cucumber.selenium.case_study.regression.tests.LoginExcelTest">
    <skipped/>
  </testcase> <!-- @AfterMethod tearDown -->
  <testcase name="@BeforeMethod setUp" time="0.0" classname="com.cucumber.selenium.case_study.regression.tests.LoginExcelTest">
    <skipped/>
  </testcase> <!-- @BeforeMethod setUp -->
  <testcase name="@AfterMethod tearDown" time="0.0" classname="com.cucumber.selenium.case_study.regression.tests.LoginExcelTest">
    <skipped/>
  </testcase> <!-- @AfterMethod tearDown -->
  <testcase name="loginDBTest" time="0.011" classname="com.cucumber.selenium.case_study.regression.tests.LoginExcelTest">
    <failure type="java.lang.NullPointerException">
      <![CDATA[java.lang.NullPointerException
	at com.cucumber.selenium.case_study.regression.tests.LoginExcelTest.loginDBTest(LoginExcelTest.java:53)
... Removed 25 stack frames]]>
    </failure>
  </testcase> <!-- loginDBTest -->
  <testcase name="loginDBTest" time="0.016" classname="com.cucumber.selenium.case_study.regression.tests.LoginExcelTest">
    <skipped/>
  </testcase> <!-- loginDBTest -->
  <testcase name="loginDBTest" time="0.0" classname="com.cucumber.selenium.case_study.regression.tests.LoginExcelTest">
    <skipped/>
  </testcase> <!-- loginDBTest -->
</testsuite> <!-- Test2 -->
