<?xml version="1.0" encoding="UTF-8"?>
<!-- Generated by org.testng.reporters.JUnitXMLReporter -->
<testsuite hostname="MPHILIPO" ignored="0" name="Test1" tests="4" failures="0" timestamp="2020-07-29T15:16:43 IST" time="148.095" errors="0">
  <testcase name="feature" time="97.705" classname="cucumber.api.testng.AbstractTestNGCucumberTests"/>
  <testcase name="loginDBTest" time="3.939" classname="com.cucumber.selenium.case_study.regression.tests.LoginExcelTest"/>
  <testcase name="loginDBTest" time="4.028" classname="com.cucumber.selenium.case_study.regression.tests.LoginExcelTest"/>
  <testcase name="loginDBTest" time="4.63" classname="com.cucumber.selenium.case_study.regression.tests.LoginExcelTest"/>
</testsuite> <!-- Test1 -->
